0 verbose cli C:\Program Files\nodejs\node.exe C:\Users\Ravi Silva\AppData\Roaming\npm\node_modules\npm\bin\npm-cli.js
1 info using npm@8.19.2
2 info using node@v16.17.0
3 timing npm:load:whichnode Completed in 0ms
4 timing config:load:defaults Completed in 1ms
5 timing config:load:file:C:\Users\Ravi Silva\AppData\Roaming\npm\node_modules\npm\npmrc Completed in 3ms
6 timing config:load:builtin Completed in 3ms
7 timing config:load:cli Completed in 2ms
8 timing config:load:env Completed in 0ms
9 timing config:load:file:C:\Users\Ravi Silva\Desktop\Pa3\Projeto Mobile\agendaprofessor-app\.npmrc Completed in 0ms
10 timing config:load:project Completed in 4ms
11 timing config:load:file:C:\Users\Ravi Silva\.npmrc Completed in 1ms
12 timing config:load:user Completed in 2ms
13 timing config:load:file:C:\Users\Ravi Silva\AppData\Roaming\npm\etc\npmrc Completed in 0ms
14 timing config:load:global Completed in 0ms
15 timing config:load:validate Completed in 1ms
16 timing config:load:credentials Completed in 1ms
17 timing config:load:setEnvs Completed in 1ms
18 timing config:load Completed in 15ms
19 timing npm:load:configload Completed in 16ms
20 timing npm:load:mkdirpcache Completed in 1ms
21 timing npm:load:mkdirplogs Completed in 0ms
22 verbose title npm start
23 verbose argv "start"
24 timing npm:load:setTitle Completed in 2ms
25 timing config:load:flatten Completed in 3ms
26 timing npm:load:display Completed in 4ms
27 verbose logfile logs-max:10 dir:C:\Users\Ravi Silva\Desktop\Pa3\Projeto Mobile\agendaprofessor-app\_logs
28 verbose logfile C:\Users\Ravi Silva\Desktop\Pa3\Projeto Mobile\agendaprofessor-app\_logs\2022-10-05T12_40_31_927Z-debug-0.log
29 timing npm:load:logFile Completed in 6ms
30 timing npm:load:timers Completed in 0ms
31 timing npm:load:configScope Completed in 0ms
32 timing npm:load Completed in 30ms
33 silly logfile start cleaning logs, removing 2 files
34 silly logfile done cleaning log files
